<?xml version="1.0" encoding="UTF-8"?>
<testng-results skipped="0" failed="0" ignored="0" total="1" passed="1">
  <reporter-output>
  </reporter-output>
  <suite name="Suite" duration-ms="6299" started-at="2020-03-03T22:11:47 IST" finished-at="2020-03-03T22:11:53 IST">
    <groups>
    </groups>
    <test name="Test" duration-ms="6299" started-at="2020-03-03T22:11:47 IST" finished-at="2020-03-03T22:11:53 IST">
      <class name="MavenTest.Maven.test">
        <test-method status="PASS" signature="setUP()[pri:0, instance:MavenTest.Maven.test@43814d18]" name="setUP" is-config="true" duration-ms="2851" started-at="2020-03-03T22:11:47 IST" finished-at="2020-03-03T22:11:50 IST">
          <reporter-output>
          </reporter-output>
        </test-method> <!-- setUP -->
        <test-method status="PASS" signature="testing()[pri:0, instance:MavenTest.Maven.test@43814d18]" name="testing" duration-ms="3336" started-at="2020-03-03T22:11:50 IST" finished-at="2020-03-03T22:11:53 IST">
          <reporter-output>
          </reporter-output>
        </test-method> <!-- testing -->
        <test-method status="PASS" signature="tearUP()[pri:0, instance:MavenTest.Maven.test@43814d18]" name="tearUP" is-config="true" duration-ms="87" started-at="2020-03-03T22:11:53 IST" finished-at="2020-03-03T22:11:53 IST">
          <reporter-output>
          </reporter-output>
        </test-method> <!-- tearUP -->
      </class> <!-- MavenTest.Maven.test -->
    </test> <!-- Test -->
  </suite> <!-- Suite -->
</testng-results>
