<?xml version="1.0" encoding="UTF-8"?>
<testng-results skipped="0" failed="0" ignored="0" total="1" passed="1">
  <reporter-output>
  </reporter-output>
  <suite name="Suite" duration-ms="4701" started-at="2020-03-03T22:17:07 IST" finished-at="2020-03-03T22:17:12 IST">
    <groups>
    </groups>
    <test name="Test" duration-ms="4701" started-at="2020-03-03T22:17:07 IST" finished-at="2020-03-03T22:17:12 IST">
      <class name="MavenTest.Maven.test">
        <test-method status="PASS" signature="testing()[pri:0, instance:MavenTest.Maven.test@7823a2f9]" name="testing" duration-ms="4674" started-at="2020-03-03T22:17:07 IST" finished-at="2020-03-03T22:17:12 IST">
          <reporter-output>
          </reporter-output>
        </test-method> <!-- testing -->
      </class> <!-- MavenTest.Maven.test -->
    </test> <!-- Test -->
  </suite> <!-- Suite -->
</testng-results>
